<?xml version="1.0" encoding="UTF-8"?>
<!-- Generated by org.testng.reporters.JUnitReportReporter -->
<testsuite skipped="0" hostname="mahesh-PC" name="testng.Features.TestClass1" tests="2" failures="0" timestamp="2022-01-31T10:15:24 IST" time="0.035" errors="0">
  <testcase name="Ctest" time="0.008" classname="testng.Features.TestClass1"/>
  <system-out/>
  <testcase name="Atest" time="0.027" classname="testng.Features.TestClass1"/>
  <system-out/>
</testsuite> <!-- testng.Features.TestClass1 -->
